[15:31:41] LOG:  Reading input file E:\_UNITY\WUInity\wui-nity\Example\example_new.wui.
[15:31:41] LOG: Simulation input is being read...
[15:31:41] LOG: Map input is being read...
[15:31:41] LOG: Population input is being read...
[15:31:41] LOG: Evacuation input is being read...
[15:31:41] LOG: Pedestrian input is being read...
[15:31:41] LOG: Traffic input is being read...
[15:31:41] LOG: SUMO input is being read...
[15:31:41] ERROR: DestinationChoice was not recognized. Please check your input file.
[15:31:41] LOG: Simulation can't run, please check log.
[15:31:41] LOG: Fire input is being read...
[15:31:41] LOG: AscImport input is being read...
[15:31:41] LOG: Smoke input is being read...
[15:31:41] LOG: GlobalSmoke input is being read...
[15:31:41] LOG: TriggerBuffer input is being read...
[15:31:41] LOG: kPERIL input is being read...
[15:31:41] LOG: WUIShow input is being read...
[15:31:41] WARNING: Events header not found, no events will be added.
[15:31:41] LOG: Loading referenced data from input file...
[15:31:41] LOG: Loading Evacuation data...
[15:31:41] LOG:  Loaded response curve from E:\_UNITY\WUInity\wui-nity\Example\responseCurves/Observed_average.csv named Observed_average
[15:31:41] LOG:  1 valid evacuation goal files were succesfully loaded.
[15:31:41] LOG:  Evacuation group files loaded, 1 valid evacuation groups were found.
[15:31:41] WARNING: Evac groups file does not match current mesh, using default.
[15:31:41] LOG: No valid goal blocking events were loaded.
[15:31:41] LOG: Loading Population data...
[15:31:41] LOG: Loaded population small_population containing 2551 people and 1000 households.
[15:31:41] LOG: Loading Traffic data...
[15:31:41] LOG: Loading Fire data...
[15:31:41] LOG:  LCP found in E:\_UNITY\WUInity\wui-nity\Example\fire/rox_big_burning_city.lcp, read succesfully.
[15:31:41] LOG: Present fuel model numbers are 1, 2, 3, 4, 5, 6, 8, 9, 10, 93, 98, 99.
[15:31:41] LOG: Loaded initial fuel moistures for fuel model 1.
[15:31:41] LOG: Loaded initial fuel moistures for fuel model 2.
[15:31:41] LOG: Loaded initial fuel moistures for fuel model 3.
[15:31:41] LOG: Loaded initial fuel moistures for fuel model 4.
[15:31:41] LOG: Loaded initial fuel moistures for fuel model 5.
[15:31:41] LOG: Loaded initial fuel moistures for fuel model 6.
[15:31:41] LOG: Loaded initial fuel moistures for fuel model 7.
[15:31:41] LOG: Loaded initial fuel moistures for fuel model 8.
[15:31:41] LOG: Loaded initial fuel moistures for fuel model 9.
[15:31:41] LOG: Loaded initial fuel moistures for fuel model 10.
[15:31:41] LOG: Loaded initial fuel moistures for fuel model 11.
[15:31:41] LOG: Loaded initial fuel moistures for fuel model 12.
[15:31:41] LOG: Loaded initial fuel moistures for fuel model 13.
[15:31:41] LOG:  Initial fuel moisture file E:\_UNITY\WUInity\wui-nity\Example\fireCell/default.fmc was found, 13 valid initial fuel moistures were succesfully loaded.
[15:31:41] LOG: Starting to load Mapbox map.
[15:31:41] LOG: Map loaded succesfully.
[15:31:41] LOG:  Input file E:\_UNITY\WUInity\wui-nity\Example\example_new.wui loaded.
[15:31:42] LOG: Simulation number 1 started, please wait.
[15:31:44] LOG: Wildfire ASCII data offset by (x/y) meters: -4.17539980873698, 6.896528609097
[15:31:44] LOG: Fire module AscImport initiated.
[15:31:44] LOG:  Total households: 1000
[15:31:44] LOG:  Total cars: 1000
[15:31:44] LOG:  Total people who will not evacuate: 0
[15:31:44] LOG: Pedestrian module MacroPedestrianSim initiated.
[15:31:44] !!!DEBUG!!!: SUMO origin offset [x, y]: 250.314600191254, -3034.54347139131
[15:31:44] LOG: Number of fire cells that have road junctions and will affect traffic:974
[15:31:44] LOG: Traffic module SUMO initiated.
[15:31:44] LOG: All requested sub-modules initiated successfully.
[15:31:45] LOG: [420s] Cell 278,91 has been ignited and affects roads but did not affect any vehicles.
[15:31:46] LOG: [635s] STOP: Stopped simulation as requested by user.
[15:31:46] LOG:  Simulation/s done.
